1.9T	/mdata1/ldavis
18G	/mdata1/ldavis/hs1_base_t42l20s
1.2G	/mdata1/ldavis/hs1c_base_t42l20s
363M	/mdata1/ldavis/hs1c_tdamp_t42l20s_p0000.200
323M	/mdata1/ldavis/hs1c_tdamp_t42l20s_p0000.400
253M	/mdata1/ldavis/hs1c_tdamp_t42l20s_p0001.000
332M	/mdata1/ldavis/hs1c_tdamp_t42l20s_p0002.000
592M	/mdata1/ldavis/hs1c_tdamp_t42l20s_p0004.000
600M	/mdata1/ldavis/hs1c_tdamp_t42l20s_p0010.000
684M	/mdata1/ldavis/hs1c_tdamp_t42l20s_p0020.000
3.0G	/mdata1/ldavis/hs1c_tdamp_t42l20s_p0100.000
5.8G	/mdata1/ldavis/hs1c_tdamp_t42l20s_p0200.000
12G	/mdata1/ldavis/hs1c_tdamp_t42l20s_p0400.000
17G	/mdata1/ldavis/hs1c_tdamp_t42l20s_p1000.000
15G	/mdata1/ldavis/hs1_global_t42l20s_p0000.030c
15G	/mdata1/ldavis/hs1_global_t42l20s_p0000.060c
17G	/mdata1/ldavis/hs1l_base_t42l20s
870M	/mdata1/ldavis/hs1l_tdamp_t42l20s_p0000.200
1.4G	/mdata1/ldavis/hs1l_tdamp_t42l20s_p0000.400
595M	/mdata1/ldavis/hs1l_tdamp_t42l20s_p0001.000
256M	/mdata1/ldavis/hs1l_tdamp_t42l20s_p0002.000
622M	/mdata1/ldavis/hs1l_tdamp_t42l20s_p0004.000
4.7G	/mdata1/ldavis/hs1l_tdamp_t42l20s_p0010.000
17G	/mdata1/ldavis/hs1l_tdamp_t42l20s_p0020.000
16G	/mdata1/ldavis/hs1l_tdamp_t42l20s_p0100.000
17G	/mdata1/ldavis/hs1l_tdamp_t42l20s_p0200.000
17G	/mdata1/ldavis/hs1l_tdamp_t42l20s_p0400.000
17G	/mdata1/ldavis/hs1l_tdamp_t42l20s_p1000.000
17G	/mdata1/ldavis/hs1_realistic_t42l20s_p0000.080c
15G	/mdata1/ldavis/hs1_tdamp-global_t42l20s_p0010.000p0000.030c
15G	/mdata1/ldavis/hs1_tdamp-global_t42l20s_p0010.000p0000.060c
15G	/mdata1/ldavis/hs1_tdamp-global_t42l20s_p0020.000p0000.030c
15G	/mdata1/ldavis/hs1_tdamp-global_t42l20s_p0020.000p0000.060c
15G	/mdata1/ldavis/hs1_tdamp-global_t42l20s_p0060.000p0000.030c
15G	/mdata1/ldavis/hs1_tdamp-global_t42l20s_p0060.000p0000.060c
15G	/mdata1/ldavis/hs1_tdamp-global_t42l20s_p0100.000p0000.030c
15G	/mdata1/ldavis/hs1_tdamp-global_t42l20s_p0100.000p0000.060c
17G	/mdata1/ldavis/hs1_tdampmean_t42l20s_p0004.000
16G	/mdata1/ldavis/hs1_tdampmean_t42l20s_p0010.000
17G	/mdata1/ldavis/hs1_tdampmean_t42l20s_p0020.000
17G	/mdata1/ldavis/hs1_tdampmean_t42l20s_p0100.000c
17G	/mdata1/ldavis/hs1_tdampmean_t42l20s_p0200.000c
17G	/mdata1/ldavis/hs1_tdampmean_t42l20s_p0400.000c
17G	/mdata1/ldavis/hs1_tdampmean_t42l20s_p1000.000c
17G	/mdata1/ldavis/hs1_tdamp-realistic_t42l20s_p0010.000p0000.080c
17G	/mdata1/ldavis/hs1_tdamp-realistic_t42l20s_p0020.000p0000.080c
17G	/mdata1/ldavis/hs1_tdamp-realistic_t42l20s_p0060.000p0000.080c
17G	/mdata1/ldavis/hs1_tdamp-realistic_t42l20s_p0100.000p0000.080c
16G	/mdata1/ldavis/hs1_tdamp_t42l20s_p0000.200
17G	/mdata1/ldavis/hs1_tdamp_t42l20s_p0000.400
17G	/mdata1/ldavis/hs1_tdamp_t42l20s_p0001.000
17G	/mdata1/ldavis/hs1_tdamp_t42l20s_p0002.000
17G	/mdata1/ldavis/hs1_tdamp_t42l20s_p0004.000
17G	/mdata1/ldavis/hs1_tdamp_t42l20s_p0010.000
17G	/mdata1/ldavis/hs1_tdamp_t42l20s_p0020.000
15G	/mdata1/ldavis/hs1_tdamp_t42l20s_p0060.000
17G	/mdata1/ldavis/hs1_tdamp_t42l20s_p0100.000c
17G	/mdata1/ldavis/hs1_tdamp_t42l20s_p0200.000c
17G	/mdata1/ldavis/hs1_tdamp_t42l20s_p0400.000c
17G	/mdata1/ldavis/hs1_tdamp_t42l20s_p1000.000c
15G	/mdata1/ldavis/hs1_tdamp-tmean_t42l20s_p0010.000p0290.000c
15G	/mdata1/ldavis/hs1_tdamp-tmean_t42l20s_p0010.000p0310.000c
15G	/mdata1/ldavis/hs1_tdamp-tmean_t42l20s_p0020.000p0290.000c
15G	/mdata1/ldavis/hs1_tdamp-tmean_t42l20s_p0020.000p0310.000c
15G	/mdata1/ldavis/hs1_tdamp-tmean_t42l20s_p0060.000p0290.000c
15G	/mdata1/ldavis/hs1_tdamp-tmean_t42l20s_p0060.000p0310.000c
15G	/mdata1/ldavis/hs1_tdamp-tmean_t42l20s_p0100.000p0290.000c
15G	/mdata1/ldavis/hs1_tdamp-tmean_t42l20s_p0100.000p0310.000c
15G	/mdata1/ldavis/hs1_tdamp-tropical_t42l20s_p0010.000p0000.500c
15G	/mdata1/ldavis/hs1_tdamp-tropical_t42l20s_p0020.000p0000.500c
15G	/mdata1/ldavis/hs1_tdamp-tropical_t42l20s_p0060.000p0000.500c
15G	/mdata1/ldavis/hs1_tdamp-tropical_t42l20s_p0100.000p0000.500c
19G	/mdata1/ldavis/hs1_tgrad_t42l20s_p0004.000c
17G	/mdata1/ldavis/hs1_tgrad_t42l20s_p0010.000c
17G	/mdata1/ldavis/hs1_tgrad_t42l20s_p0020.000c
17G	/mdata1/ldavis/hs1_tgrad_t42l20s_p0040.000c
17G	/mdata1/ldavis/hs1_tgrad_t42l20s_p0090.000
17G	/mdata1/ldavis/hs1_tgrad_t42l20s_p0120.000
17G	/mdata1/ldavis/hs1_tgrad_t42l20s_p0150.000
1.6G	/mdata1/ldavis/hs1_tgrad_t42l20s_p0200.000
17G	/mdata1/ldavis/hs1_tmean_t42l20s_p0280.000
17G	/mdata1/ldavis/hs1_tmean_t42l20s_p0290.000
17G	/mdata1/ldavis/hs1_tmean_t42l20s_p0310.000
17G	/mdata1/ldavis/hs1_tmean_t42l20s_p0320.000
15G	/mdata1/ldavis/hs1_tropical_t42l20s_p0000.500c
15G	/mdata1/ldavis/hs2_base_t42l20s
15G	/mdata1/ldavis/hs2_global_t42l20s_p0000.030c
15G	/mdata1/ldavis/hs2_global_t42l20s_p0000.060c
17G	/mdata1/ldavis/hs2_realistic_t42l20s_p0000.080c
15G	/mdata1/ldavis/hs2_tdamp-global_t42l20s_p0010.000p0000.030c
15G	/mdata1/ldavis/hs2_tdamp-global_t42l20s_p0010.000p0000.060c
15G	/mdata1/ldavis/hs2_tdamp-global_t42l20s_p0020.000p0000.030c
15G	/mdata1/ldavis/hs2_tdamp-global_t42l20s_p0020.000p0000.060c
15G	/mdata1/ldavis/hs2_tdamp-global_t42l20s_p0060.000p0000.030c
15G	/mdata1/ldavis/hs2_tdamp-global_t42l20s_p0060.000p0000.060c
15G	/mdata1/ldavis/hs2_tdamp-global_t42l20s_p0100.000p0000.030c
15G	/mdata1/ldavis/hs2_tdamp-global_t42l20s_p0100.000p0000.060c
17G	/mdata1/ldavis/hs2_tdampmean_t42l20s_p0004.000
16G	/mdata1/ldavis/hs2_tdampmean_t42l20s_p0010.000
17G	/mdata1/ldavis/hs2_tdampmean_t42l20s_p0020.000
17G	/mdata1/ldavis/hs2_tdampmean_t42l20s_p0100.000c
17G	/mdata1/ldavis/hs2_tdampmean_t42l20s_p0200.000c
17G	/mdata1/ldavis/hs2_tdampmean_t42l20s_p0400.000c
17G	/mdata1/ldavis/hs2_tdampmean_t42l20s_p1000.000c
17G	/mdata1/ldavis/hs2_tdamp-realistic_t42l20s_p0010.000p0000.080c
17G	/mdata1/ldavis/hs2_tdamp-realistic_t42l20s_p0020.000p0000.080c
17G	/mdata1/ldavis/hs2_tdamp-realistic_t42l20s_p0060.000p0000.080c
17G	/mdata1/ldavis/hs2_tdamp-realistic_t42l20s_p0100.000p0000.080c
15G	/mdata1/ldavis/hs2_tdamp_t42l20s_p0000.200
15G	/mdata1/ldavis/hs2_tdamp_t42l20s_p0000.400
15G	/mdata1/ldavis/hs2_tdamp_t42l20s_p0001.000
15G	/mdata1/ldavis/hs2_tdamp_t42l20s_p0002.000
15G	/mdata1/ldavis/hs2_tdamp_t42l20s_p0004.000
15G	/mdata1/ldavis/hs2_tdamp_t42l20s_p0010.000
15G	/mdata1/ldavis/hs2_tdamp_t42l20s_p0020.000
15G	/mdata1/ldavis/hs2_tdamp_t42l20s_p0060.000
15G	/mdata1/ldavis/hs2_tdamp_t42l20s_p0100.000c
15G	/mdata1/ldavis/hs2_tdamp_t42l20s_p0200.000c
15G	/mdata1/ldavis/hs2_tdamp_t42l20s_p0400.000c
15G	/mdata1/ldavis/hs2_tdamp_t42l20s_p1000.000c
15G	/mdata1/ldavis/hs2_tdamp-tmean_t42l20s_p0010.000p0290.000c
15G	/mdata1/ldavis/hs2_tdamp-tmean_t42l20s_p0010.000p0310.000c
15G	/mdata1/ldavis/hs2_tdamp-tmean_t42l20s_p0020.000p0290.000c
15G	/mdata1/ldavis/hs2_tdamp-tmean_t42l20s_p0020.000p0310.000c
15G	/mdata1/ldavis/hs2_tdamp-tmean_t42l20s_p0060.000p0290.000c
15G	/mdata1/ldavis/hs2_tdamp-tmean_t42l20s_p0060.000p0310.000c
15G	/mdata1/ldavis/hs2_tdamp-tmean_t42l20s_p0100.000p0290.000c
15G	/mdata1/ldavis/hs2_tdamp-tmean_t42l20s_p0100.000p0310.000c
15G	/mdata1/ldavis/hs2_tdamp-tropical_t42l20s_p0010.000p0000.500c
15G	/mdata1/ldavis/hs2_tdamp-tropical_t42l20s_p0020.000p0000.500c
15G	/mdata1/ldavis/hs2_tdamp-tropical_t42l20s_p0060.000p0000.500c
15G	/mdata1/ldavis/hs2_tdamp-tropical_t42l20s_p0100.000p0000.500c
15G	/mdata1/ldavis/hs2_tgrad_t42l20s_p0004.000c
15G	/mdata1/ldavis/hs2_tgrad_t42l20s_p0010.000c
15G	/mdata1/ldavis/hs2_tgrad_t42l20s_p0020.000c
15G	/mdata1/ldavis/hs2_tgrad_t42l20s_p0040.000c
15G	/mdata1/ldavis/hs2_tgrad_t42l20s_p0090.000
15G	/mdata1/ldavis/hs2_tgrad_t42l20s_p0120.000
15G	/mdata1/ldavis/hs2_tmean_t42l20s_p0290.000
15G	/mdata1/ldavis/hs2_tmean_t42l20s_p0310.000
15G	/mdata1/ldavis/hs2_tropical_t42l20s_p0000.500c
0	/mdata1/ldavis/netcdf
50M	/mdata1/ldavis/pk1_base_t42l20s
500M	/mdata1/ldavis/simple
1.9G	/mdata1/ldavis/test
221M	/mdata1/ldavis/tmp
