Root: /home/ldavis/scratch1

Series: hs1n_tdamp-tropical_t42l20s
10.000, 0.500c
    dt: 1200, last day: 3500 (exit 1)
    full: 100-3500, summary: 0-3500, summary_isen: 0-3500, no forcing.nc
20.000, 0.500c
    dt: 1200, last day: 3500 (exit 1)
    full: 100-3500, summary: 0-3500, summary_isen: 0-3500, no forcing.nc
60.000, 0.500c
    dt: 1200, last day: 3500 (exit 1)
    full: 100-3500, summary: 0-3500, summary_isen: 0-3500, no forcing.nc
100.000, 0.500c
    dt: 1200, last day: 3500 (exit 1)
    full: 100-3500, summary: 0-3500, summary_isen: 0-3500, no forcing.nc

Series: hs1n_tropical_t42l20s
0.500c
    dt: 1200, last day: 3500 (exit 1)
    full: 100-3500, summary: 0-3500, summary_isen: 0-3500, no forcing.nc

Series: hs1_tdamp-tropical_t42l20s
10.000, 0.500c
    dt: 1200, last day: 3500 (exit 0)
    full: 500-3500, summary: 0-3500, summary_isen: 0-3500, no forcing.nc
20.000, 0.500c
    dt: 1200, last day: 3500 (exit 0)
    full: 500-3500, summary: 0-3500, summary_isen: 0-3500, no forcing.nc
60.000, 0.500c
    dt: 1200, last day: 3500 (exit 0)
    full: 500-3500, summary: 0-3500, summary_isen: 0-3500, no forcing.nc
100.000, 0.500c
    dt: 1200, last day: 3500 (exit 0)
    full: 500-3500, summary: 0-3500, summary_isen: 0-3500, no forcing.nc

Series: hs1_tropical_t42l20s
0.500c
    dt: 1200, last day: 3500 (exit 0)
    full: 500-3500, summary: 0-3500, summary_isen: 0-3500, no forcing.nc

Series: hs2n_tdamp-tropical_t42l20s
10.000, 0.500c
    dt: 1200, last day: 3500 (exit 1)
    full: 100-3500, summary: 0-3500, summary_isen: 0-3500, no forcing.nc
20.000, 0.500c
    dt: 1200, last day: 3500 (exit 1)
    full: 100-3500, summary: 0-3500, summary_isen: 0-3500, no forcing.nc
60.000, 0.500c
    dt: 1200, last day: 3500 (exit 1)
    full: 100-3500, summary: 0-3500, summary_isen: 0-3500, no forcing.nc
100.000, 0.500c
    dt: 1200, last day: 3500 (exit 1)
    full: 100-3500, summary: 0-3500, summary_isen: 0-3500, no forcing.nc

Series: hs2n_tropical_t42l20s
0.500c
    dt: 1200, last day: 3500 (exit 1)
    full: 100-3500, summary: 0-3500, summary_isen: 0-3500, no forcing.nc

Series: hs2_tdamp-tropical_t42l20s
10.000, 0.500c
    dt: 1200, last day: 3500 (exit 0)
    full: 500-3500, summary: 0-3500, summary_isen: 0-3500, no forcing.nc
20.000, 0.500c
    dt: 1200, last day: 3500 (exit 0)
    full: 500-3500, summary: 0-3500, summary_isen: 0-3500, no forcing.nc
60.000, 0.500c
    dt: 1200, last day: 3500 (exit 0)
    full: 500-3500, summary: 0-3500, summary_isen: 0-3500, no forcing.nc
100.000, 0.500c
    dt: 1200, last day: 3500 (exit 0)
    full: 500-3500, summary: 0-3500, summary_isen: 0-3500, no forcing.nc

Series: hs2_tropical_t42l20s
0.500c
    dt: 1200, last day: 3500 (exit 0)
    full: 500-3500, summary: 0-3500, summary_isen: 0-3500, no forcing.nc

Root: /home/ldavis/scratch2
